c:\game\ro\server\athena_base\hercules_base\aegis\vcproj\zone\debug\libconfig.obj
c:\game\ro\server\athena_base\hercules_base\aegis\vcproj\zone\debug\des.obj
c:\game\ro\server\athena_base\hercules_base\aegis\vcproj\zone\debug\mapindex.obj
c:\game\ro\server\athena_base\hercules_base\aegis\vcproj\zone\debug\nullpo.obj
c:\game\ro\server\athena_base\hercules_base\aegis\vcproj\zone\debug\socket.obj
c:\game\ro\server\athena_base\hercules_base\aegis\vcproj\zone\debug\utils.obj
c:\game\ro\server\athena_base\hercules_base\aegis\vcproj\zone\debug\chat.obj
c:\game\ro\server\athena_base\hercules_base\aegis\vcproj\zone\debug\chrif.obj
c:\game\ro\server\athena_base\hercules_base\aegis\vcproj\zone\debug\guild.obj
c:\game\ro\server\athena_base\hercules_base\aegis\vcproj\zone\debug\mail.obj
c:\game\ro\server\athena_base\hercules_base\aegis\vcproj\zone\debug\mapiif.obj
c:\game\ro\server\athena_base\hercules_base\aegis\vcproj\zone\debug\pc.obj
c:\game\ro\server\athena_base\hercules_base\aegis\vcproj\zone\debug\vending.obj
c:\game\ro\server\athena_base\hercules_base\aegis\vcproj\zone\debug\base62.obj
c:\game\ro\server\athena_base\hercules_base\aegis\vcproj\zone\debug\hpm.obj
c:\game\ro\server\athena_base\hercules_base\aegis\vcproj\zone\debug\timer.obj
c:\game\ro\server\athena_base\hercules_base\aegis\vcproj\zone\debug\channel.obj
c:\game\ro\server\athena_base\hercules_base\aegis\vcproj\zone\debug\goldpc.obj
c:\game\ro\server\athena_base\hercules_base\aegis\vcproj\zone\debug\intif.obj
c:\game\ro\server\athena_base\hercules_base\aegis\vcproj\zone\debug\npc.obj
c:\game\ro\server\athena_base\hercules_base\aegis\vcproj\zone\debug\searchstore.obj
c:\game\ro\server\athena_base\hercules_base\aegis\vcproj\zone\debug\trade.obj
c:\game\ro\server\athena_base\hercules_base\aegis\vcproj\zone\debug\strbuf.obj
c:\game\ro\server\athena_base\hercules_base\aegis\vcproj\zone\debug\console.obj
c:\game\ro\server\athena_base\hercules_base\aegis\vcproj\zone\debug\achievement.obj
c:\game\ro\server\athena_base\hercules_base\aegis\vcproj\zone\debug\battleground.obj
c:\game\ro\server\athena_base\hercules_base\aegis\vcproj\zone\debug\date.obj
c:\game\ro\server\athena_base\hercules_base\aegis\vcproj\zone\debug\enchantui.obj
c:\game\ro\server\athena_base\hercules_base\aegis\vcproj\zone\debug\itemdb.obj
c:\game\ro\server\athena_base\hercules_base\aegis\vcproj\zone\debug\mercenary.obj
c:\game\ro\server\athena_base\hercules_base\aegis\vcproj\zone\debug\refine.obj
c:\game\ro\server\athena_base\hercules_base\aegis\vcproj\zone\debug\status.obj
c:\game\ro\server\athena_base\hercules_base\aegis\vcproj\zone\debug\scanner.obj
c:\game\ro\server\athena_base\hercules_base\aegis\vcproj\zone\debug\grfio.obj
c:\game\ro\server\athena_base\hercules_base\aegis\vcproj\zone\debug\packets.obj
c:\game\ro\server\athena_base\hercules_base\aegis\vcproj\zone\debug\thread.obj
c:\game\ro\server\athena_base\hercules_base\aegis\vcproj\zone\debug\buyingstore.obj
c:\game\ro\server\athena_base\hercules_base\aegis\vcproj\zone\debug\clif.obj
c:\game\ro\server\athena_base\hercules_base\aegis\vcproj\zone\debug\instance.obj
c:\game\ro\server\athena_base\hercules_base\aegis\vcproj\zone\debug\map.obj
c:\game\ro\server\athena_base\hercules_base\aegis\vcproj\zone\debug\pc_groups.obj
c:\game\ro\server\athena_base\hercules_base\aegis\vcproj\zone\debug\skill.obj
c:\game\ro\server\athena_base\hercules_base\aegis\vcproj\zone\debug\grammar.obj
c:\game\ro\server\athena_base\hercules_base\aegis\vcproj\zone\debug\ers.obj
c:\game\ro\server\athena_base\hercules_base\aegis\vcproj\zone\debug\memmgr.obj
c:\game\ro\server\athena_base\hercules_base\aegis\vcproj\zone\debug\showmsg.obj
c:\game\ro\server\athena_base\hercules_base\aegis\vcproj\zone\debug\atcommand.obj
c:\game\ro\server\athena_base\hercules_base\aegis\vcproj\zone\debug\elemental.obj
c:\game\ro\server\athena_base\hercules_base\aegis\vcproj\zone\debug\hpmmap.obj
c:\game\ro\server\athena_base\hercules_base\aegis\vcproj\zone\debug\log.obj
c:\game\ro\server\athena_base\hercules_base\aegis\vcproj\zone\debug\party.obj
c:\game\ro\server\athena_base\hercules_base\aegis\vcproj\zone\debug\script.obj
c:\game\ro\server\athena_base\hercules_base\aegis\vcproj\zone\debug\mt19937ar.obj
c:\game\ro\server\athena_base\hercules_base\aegis\vcproj\zone\debug\core.obj
c:\game\ro\server\athena_base\hercules_base\aegis\vcproj\zone\debug\sql.obj
c:\game\ro\server\athena_base\hercules_base\aegis\vcproj\zone\debug\clan.obj
c:\game\ro\server\athena_base\hercules_base\aegis\vcproj\zone\debug\homunculus.obj
c:\game\ro\server\athena_base\hercules_base\aegis\vcproj\zone\debug\macro.obj
c:\game\ro\server\athena_base\hercules_base\aegis\vcproj\zone\debug\mapreg_sql.obj
c:\game\ro\server\athena_base\hercules_base\aegis\vcproj\zone\debug\mob.obj
c:\game\ro\server\athena_base\hercules_base\aegis\vcproj\zone\debug\rodex.obj
c:\game\ro\server\athena_base\hercules_base\aegis\vcproj\zone\debug\stylist.obj
c:\game\ro\server\athena_base\hercules_base\aegis\vcproj\zone\debug\conf.obj
c:\game\ro\server\athena_base\hercules_base\aegis\vcproj\zone\debug\db.obj
c:\game\ro\server\athena_base\hercules_base\aegis\vcproj\zone\debug\mutex.obj
c:\game\ro\server\athena_base\hercules_base\aegis\vcproj\zone\debug\sysinfo.obj
c:\game\ro\server\athena_base\hercules_base\aegis\vcproj\zone\debug\quest.obj
c:\game\ro\server\athena_base\hercules_base\aegis\vcproj\zone\debug\scanctx.obj
c:\game\ro\server\athena_base\hercules_base\aegis\vcproj\zone\debug\extraconf.obj
c:\game\ro\server\athena_base\hercules_base\aegis\vcproj\zone\debug\md5calc.obj
c:\game\ro\server\athena_base\hercules_base\aegis\vcproj\zone\debug\random.obj
c:\game\ro\server\athena_base\hercules_base\aegis\vcproj\zone\debug\strlib.obj
c:\game\ro\server\athena_base\hercules_base\aegis\vcproj\zone\debug\battle.obj
c:\game\ro\server\athena_base\hercules_base\aegis\vcproj\zone\debug\duel.obj
c:\game\ro\server\athena_base\hercules_base\aegis\vcproj\zone\debug\grader.obj
c:\game\ro\server\athena_base\hercules_base\aegis\vcproj\zone\debug\irc-bot.obj
c:\game\ro\server\athena_base\hercules_base\aegis\vcproj\zone\debug\npc_chat.obj
c:\game\ro\server\athena_base\hercules_base\aegis\vcproj\zone\debug\path.obj
c:\game\ro\server\athena_base\hercules_base\aegis\vcproj\zone\debug\pet.obj
c:\game\ro\server\athena_base\hercules_base\aegis\vcproj\zone\debug\storage.obj
c:\game\ro\server\athena_base\hercules_base\aegis\vcproj\zone\debug\unit.obj
c:\game\ro\server\athena_base\hercules_base\aegis\vcproj\zone\debug\vc143.pdb
c:\game\ro\server\athena_base\hercules_base\aegis\zone.exe
c:\game\ro\server\athena_base\hercules_base\aegis\zone.pdb
c:\game\ro\server\athena_base\hercules_base\aegis\vcproj\zone\debug\map-server.ilk
c:\game\ro\server\athena_base\hercules_base\aegis\vcproj\zone\debug\vc143.idb
c:\game\ro\server\athena_base\hercules_base\aegis\vcproj\zone\debug\zone.tlog\cl.2332.write.1.tlog
c:\game\ro\server\athena_base\hercules_base\aegis\vcproj\zone\debug\zone.tlog\cl.command.1.tlog
c:\game\ro\server\athena_base\hercules_base\aegis\vcproj\zone\debug\zone.tlog\cl.items.tlog
c:\game\ro\server\athena_base\hercules_base\aegis\vcproj\zone\debug\zone.tlog\cl.read.1.tlog
c:\game\ro\server\athena_base\hercules_base\aegis\vcproj\zone\debug\zone.tlog\link.command.1.tlog
c:\game\ro\server\athena_base\hercules_base\aegis\vcproj\zone\debug\zone.tlog\link.read.1.tlog
c:\game\ro\server\athena_base\hercules_base\aegis\vcproj\zone\debug\zone.tlog\link.secondary.1.tlog
c:\game\ro\server\athena_base\hercules_base\aegis\vcproj\zone\debug\zone.tlog\link.write.1.tlog
c:\game\ro\server\athena_base\hercules_base\aegis\vcproj\zone\debug\zone.tlog\..\map-server.ilk
