c:\game\ro\server\athena_base\hercules_base\aegis\vcproj\account\debug\scanctx.obj
c:\game\ro\server\athena_base\hercules_base\aegis\vcproj\account\debug\core.obj
c:\game\ro\server\athena_base\hercules_base\aegis\vcproj\account\debug\sysinfo.obj
c:\game\ro\server\athena_base\hercules_base\aegis\vcproj\account\debug\libconfig.obj
c:\game\ro\server\athena_base\hercules_base\aegis\vcproj\account\debug\grfio.obj
c:\game\ro\server\athena_base\hercules_base\aegis\vcproj\account\debug\random.obj
c:\game\ro\server\athena_base\hercules_base\aegis\vcproj\account\debug\account.obj
c:\game\ro\server\athena_base\hercules_base\aegis\vcproj\account\debug\mt19937ar.obj
c:\game\ro\server\athena_base\hercules_base\aegis\vcproj\account\debug\des.obj
c:\game\ro\server\athena_base\hercules_base\aegis\vcproj\account\debug\md5calc.obj
c:\game\ro\server\athena_base\hercules_base\aegis\vcproj\account\debug\packets.obj
c:\game\ro\server\athena_base\hercules_base\aegis\vcproj\account\debug\sql.obj
c:\game\ro\server\athena_base\hercules_base\aegis\vcproj\account\debug\login.obj
c:\game\ro\server\athena_base\hercules_base\aegis\vcproj\account\debug\grammar.obj
c:\game\ro\server\athena_base\hercules_base\aegis\vcproj\account\debug\ers.obj
c:\game\ro\server\athena_base\hercules_base\aegis\vcproj\account\debug\memmgr.obj
c:\game\ro\server\athena_base\hercules_base\aegis\vcproj\account\debug\showmsg.obj
c:\game\ro\server\athena_base\hercules_base\aegis\vcproj\account\debug\hpmlogin.obj
c:\game\ro\server\athena_base\hercules_base\aegis\vcproj\account\debug\scanner.obj
c:\game\ro\server\athena_base\hercules_base\aegis\vcproj\account\debug\extraconf.obj
c:\game\ro\server\athena_base\hercules_base\aegis\vcproj\account\debug\nullpo.obj
c:\game\ro\server\athena_base\hercules_base\aegis\vcproj\account\debug\socket.obj
c:\game\ro\server\athena_base\hercules_base\aegis\vcproj\account\debug\ipban.obj
c:\game\ro\server\athena_base\hercules_base\aegis\vcproj\account\debug\lclif.obj
c:\game\ro\server\athena_base\hercules_base\aegis\vcproj\account\debug\strbuf.obj
c:\game\ro\server\athena_base\hercules_base\aegis\vcproj\account\debug\db.obj
c:\game\ro\server\athena_base\hercules_base\aegis\vcproj\account\debug\mutex.obj
c:\game\ro\server\athena_base\hercules_base\aegis\vcproj\account\debug\timer.obj
c:\game\ro\server\athena_base\hercules_base\aegis\vcproj\account\debug\loginlog.obj
c:\game\ro\server\athena_base\hercules_base\aegis\vcproj\account\debug\base62.obj
c:\game\ro\server\athena_base\hercules_base\aegis\vcproj\account\debug\hpm.obj
c:\game\ro\server\athena_base\hercules_base\aegis\vcproj\account\debug\strlib.obj
c:\game\ro\server\athena_base\hercules_base\aegis\vcproj\account\debug\utils.obj
c:\game\ro\server\athena_base\hercules_base\aegis\vcproj\account\debug\conf.obj
c:\game\ro\server\athena_base\hercules_base\aegis\vcproj\account\debug\console.obj
c:\game\ro\server\athena_base\hercules_base\aegis\vcproj\account\debug\thread.obj
c:\game\ro\server\athena_base\hercules_base\aegis\vcproj\account\debug\lapiif.obj
c:\game\ro\server\athena_base\hercules_base\aegis\vcproj\account\debug\vc143.pdb
c:\game\ro\server\athena_base\hercules_base\aegis\account.exe
c:\game\ro\server\athena_base\hercules_base\aegis\account.pdb
c:\game\ro\server\athena_base\hercules_base\aegis\vcproj\account\debug\login-server.ilk
c:\game\ro\server\athena_base\hercules_base\aegis\vcproj\account\debug\vc143.idb
c:\game\ro\server\athena_base\hercules_base\aegis\vcproj\account\debug\account.tlog\cl.10184.write.1.tlog
c:\game\ro\server\athena_base\hercules_base\aegis\vcproj\account\debug\account.tlog\cl.command.1.tlog
c:\game\ro\server\athena_base\hercules_base\aegis\vcproj\account\debug\account.tlog\cl.items.tlog
c:\game\ro\server\athena_base\hercules_base\aegis\vcproj\account\debug\account.tlog\cl.read.1.tlog
c:\game\ro\server\athena_base\hercules_base\aegis\vcproj\account\debug\account.tlog\link.command.1.tlog
c:\game\ro\server\athena_base\hercules_base\aegis\vcproj\account\debug\account.tlog\link.read.1.tlog
c:\game\ro\server\athena_base\hercules_base\aegis\vcproj\account\debug\account.tlog\link.secondary.1.tlog
c:\game\ro\server\athena_base\hercules_base\aegis\vcproj\account\debug\account.tlog\link.write.1.tlog
c:\game\ro\server\athena_base\hercules_base\aegis\vcproj\account\debug\account.tlog\..\login-server.ilk
