c:\game\ro\server\athena_base\hercules_base\aegis\vcproj\inter\debug\scanner.obj
c:\game\ro\server\athena_base\hercules_base\aegis\vcproj\inter\debug\gif_err.obj
c:\game\ro\server\athena_base\hercules_base\aegis\vcproj\inter\debug\multipartparser.obj
c:\game\ro\server\athena_base\hercules_base\aegis\vcproj\inter\debug\hpmapi.obj
c:\game\ro\server\athena_base\hercules_base\aegis\vcproj\inter\debug\core.obj
c:\game\ro\server\athena_base\hercules_base\aegis\vcproj\inter\debug\sql.obj
c:\game\ro\server\athena_base\hercules_base\aegis\vcproj\inter\debug\cjson_utils.obj
c:\game\ro\server\athena_base\hercules_base\aegis\vcproj\inter\debug\gif_hash.obj
c:\game\ro\server\athena_base\hercules_base\aegis\vcproj\inter\debug\httpparser.obj
c:\game\ro\server\athena_base\hercules_base\aegis\vcproj\inter\debug\db.obj
c:\game\ro\server\athena_base\hercules_base\aegis\vcproj\inter\debug\hpm.obj
c:\game\ro\server\athena_base\hercules_base\aegis\vcproj\inter\debug\utils.obj
c:\game\ro\server\athena_base\hercules_base\aegis\vcproj\inter\debug\http_parser.obj
c:\game\ro\server\athena_base\hercules_base\aegis\vcproj\inter\debug\gifalloc.obj
c:\game\ro\server\athena_base\hercules_base\aegis\vcproj\inter\debug\aclif.obj
c:\game\ro\server\athena_base\hercules_base\aegis\vcproj\inter\debug\postheader.obj
c:\game\ro\server\athena_base\hercules_base\aegis\vcproj\inter\debug\des.obj
c:\game\ro\server\athena_base\hercules_base\aegis\vcproj\inter\debug\extraconf.obj
c:\game\ro\server\athena_base\hercules_base\aegis\vcproj\inter\debug\mutex.obj
c:\game\ro\server\athena_base\hercules_base\aegis\vcproj\inter\debug\sysinfo.obj
c:\game\ro\server\athena_base\hercules_base\aegis\vcproj\inter\debug\grammar.obj
c:\game\ro\server\athena_base\hercules_base\aegis\vcproj\inter\debug\gif_font.obj
c:\game\ro\server\athena_base\hercules_base\aegis\vcproj\inter\debug\handlers.obj
c:\game\ro\server\athena_base\hercules_base\aegis\vcproj\inter\debug\jsonparser.obj
c:\game\ro\server\athena_base\hercules_base\aegis\vcproj\inter\debug\md5calc.obj
c:\game\ro\server\athena_base\hercules_base\aegis\vcproj\inter\debug\nullpo.obj
c:\game\ro\server\athena_base\hercules_base\aegis\vcproj\inter\debug\timer.obj
c:\game\ro\server\athena_base\hercules_base\aegis\vcproj\inter\debug\strbuf.obj
c:\game\ro\server\athena_base\hercules_base\aegis\vcproj\inter\debug\egif_lib.obj
c:\game\ro\server\athena_base\hercules_base\aegis\vcproj\inter\debug\httpsender.obj
c:\game\ro\server\athena_base\hercules_base\aegis\vcproj\inter\debug\console.obj
c:\game\ro\server\athena_base\hercules_base\aegis\vcproj\inter\debug\socket.obj
c:\game\ro\server\athena_base\hercules_base\aegis\vcproj\inter\debug\scanctx.obj
c:\game\ro\server\athena_base\hercules_base\aegis\vcproj\inter\debug\dgif_lib.obj
c:\game\ro\server\athena_base\hercules_base\aegis\vcproj\inter\debug\imageparser.obj
c:\game\ro\server\athena_base\hercules_base\aegis\vcproj\inter\debug\conf.obj
c:\game\ro\server\athena_base\hercules_base\aegis\vcproj\inter\debug\ers.obj
c:\game\ro\server\athena_base\hercules_base\aegis\vcproj\inter\debug\mapindex.obj
c:\game\ro\server\athena_base\hercules_base\aegis\vcproj\inter\debug\showmsg.obj
c:\game\ro\server\athena_base\hercules_base\aegis\vcproj\inter\debug\strlib.obj
c:\game\ro\server\athena_base\hercules_base\aegis\vcproj\inter\debug\cjson.obj
c:\game\ro\server\athena_base\hercules_base\aegis\vcproj\inter\debug\mt19937ar.obj
c:\game\ro\server\athena_base\hercules_base\aegis\vcproj\inter\debug\aloginif.obj
c:\game\ro\server\athena_base\hercules_base\aegis\vcproj\inter\debug\jsonwriter.obj
c:\game\ro\server\athena_base\hercules_base\aegis\vcproj\inter\debug\memmgr.obj
c:\game\ro\server\athena_base\hercules_base\aegis\vcproj\inter\debug\packets.obj
c:\game\ro\server\athena_base\hercules_base\aegis\vcproj\inter\debug\libconfig.obj
c:\game\ro\server\athena_base\hercules_base\aegis\vcproj\inter\debug\openbsd-reallocarray.obj
c:\game\ro\server\athena_base\hercules_base\aegis\vcproj\inter\debug\api.obj
c:\game\ro\server\athena_base\hercules_base\aegis\vcproj\inter\debug\base62.obj
c:\game\ro\server\athena_base\hercules_base\aegis\vcproj\inter\debug\grfio.obj
c:\game\ro\server\athena_base\hercules_base\aegis\vcproj\inter\debug\random.obj
c:\game\ro\server\athena_base\hercules_base\aegis\vcproj\inter\debug\thread.obj
c:\game\ro\server\athena_base\hercules_base\aegis\vcproj\inter\debug\vc143.pdb
c:\game\ro\server\athena_base\hercules_base\aegis\inter.exe
c:\game\ro\server\athena_base\hercules_base\aegis\inter.pdb
c:\game\ro\server\athena_base\hercules_base\aegis\api-server.lib
c:\game\ro\server\athena_base\hercules_base\aegis\api-server.exp
c:\game\ro\server\athena_base\hercules_base\aegis\vcproj\inter\debug\api-server.ilk
c:\game\ro\server\athena_base\hercules_base\aegis\vcproj\inter\debug\vc143.idb
c:\game\ro\server\athena_base\hercules_base\aegis\vcproj\inter\debug\inter.tlog\cl.1520.write.1.tlog
c:\game\ro\server\athena_base\hercules_base\aegis\vcproj\inter\debug\inter.tlog\cl.command.1.tlog
c:\game\ro\server\athena_base\hercules_base\aegis\vcproj\inter\debug\inter.tlog\cl.items.tlog
c:\game\ro\server\athena_base\hercules_base\aegis\vcproj\inter\debug\inter.tlog\cl.read.1.tlog
c:\game\ro\server\athena_base\hercules_base\aegis\vcproj\inter\debug\inter.tlog\link.command.1.tlog
c:\game\ro\server\athena_base\hercules_base\aegis\vcproj\inter\debug\inter.tlog\link.read.1.tlog
c:\game\ro\server\athena_base\hercules_base\aegis\vcproj\inter\debug\inter.tlog\link.secondary.1.tlog
c:\game\ro\server\athena_base\hercules_base\aegis\vcproj\inter\debug\inter.tlog\link.write.1.tlog
c:\game\ro\server\athena_base\hercules_base\aegis\vcproj\inter\debug\inter.tlog\..\api-server.ilk
