c:\ro\dev\server\aegis\vcproj\interserver\debug\libconfig.obj
c:\ro\dev\server\aegis\vcproj\interserver\debug\httpsender.obj
c:\ro\dev\server\aegis\vcproj\interserver\debug\conf.obj
c:\ro\dev\server\aegis\vcproj\interserver\debug\grfio.obj
c:\ro\dev\server\aegis\vcproj\interserver\debug\md5calc.obj
c:\ro\dev\server\aegis\vcproj\interserver\debug\nullpo.obj
c:\ro\dev\server\aegis\vcproj\interserver\debug\socket.obj
c:\ro\dev\server\aegis\vcproj\interserver\debug\thread.obj
c:\ro\dev\server\aegis\vcproj\interserver\debug\cjson_utils.obj
c:\ro\dev\server\aegis\vcproj\interserver\debug\gif_font.obj
c:\ro\dev\server\aegis\vcproj\interserver\debug\gifalloc.obj
c:\ro\dev\server\aegis\vcproj\interserver\debug\aclif.obj
c:\ro\dev\server\aegis\vcproj\interserver\debug\jsonwriter.obj
c:\ro\dev\server\aegis\vcproj\interserver\debug\packets.obj
c:\ro\dev\server\aegis\vcproj\interserver\debug\strlib.obj
c:\ro\dev\server\aegis\vcproj\interserver\debug\http_parser.obj
c:\ro\dev\server\aegis\vcproj\interserver\debug\dgif_lib.obj
c:\ro\dev\server\aegis\vcproj\interserver\debug\openbsd-reallocarray.obj
c:\ro\dev\server\aegis\vcproj\interserver\debug\multipartparser.obj
c:\ro\dev\server\aegis\vcproj\interserver\debug\imageparser.obj
c:\ro\dev\server\aegis\vcproj\interserver\debug\db.obj
c:\ro\dev\server\aegis\vcproj\interserver\debug\hpm.obj
c:\ro\dev\server\aegis\vcproj\interserver\debug\scanner.obj
c:\ro\dev\server\aegis\vcproj\interserver\debug\httpparser.obj
c:\ro\dev\server\aegis\vcproj\interserver\debug\console.obj
c:\ro\dev\server\aegis\vcproj\interserver\debug\showmsg.obj
c:\ro\dev\server\aegis\vcproj\interserver\debug\timer.obj
c:\ro\dev\server\aegis\vcproj\interserver\debug\scanctx.obj
c:\ro\dev\server\aegis\vcproj\interserver\debug\handlers.obj
c:\ro\dev\server\aegis\vcproj\interserver\debug\base62.obj
c:\ro\dev\server\aegis\vcproj\interserver\debug\ers.obj
c:\ro\dev\server\aegis\vcproj\interserver\debug\mapindex.obj
c:\ro\dev\server\aegis\vcproj\interserver\debug\sql.obj
c:\ro\dev\server\aegis\vcproj\interserver\debug\strbuf.obj
c:\ro\dev\server\aegis\vcproj\interserver\debug\egif_lib.obj
c:\ro\dev\server\aegis\vcproj\interserver\debug\mt19937ar.obj
c:\ro\dev\server\aegis\vcproj\interserver\debug\api.obj
c:\ro\dev\server\aegis\vcproj\interserver\debug\postheader.obj
c:\ro\dev\server\aegis\vcproj\interserver\debug\core.obj
c:\ro\dev\server\aegis\vcproj\interserver\debug\utils.obj
c:\ro\dev\server\aegis\vcproj\interserver\debug\grammar.obj
c:\ro\dev\server\aegis\vcproj\interserver\debug\hpmapi.obj
c:\ro\dev\server\aegis\vcproj\interserver\debug\des.obj
c:\ro\dev\server\aegis\vcproj\interserver\debug\extraconf.obj
c:\ro\dev\server\aegis\vcproj\interserver\debug\memmgr.obj
c:\ro\dev\server\aegis\vcproj\interserver\debug\random.obj
c:\ro\dev\server\aegis\vcproj\interserver\debug\cjson.obj
c:\ro\dev\server\aegis\vcproj\interserver\debug\gif_err.obj
c:\ro\dev\server\aegis\vcproj\interserver\debug\gif_hash.obj
c:\ro\dev\server\aegis\vcproj\interserver\debug\aloginif.obj
c:\ro\dev\server\aegis\vcproj\interserver\debug\jsonparser.obj
c:\ro\dev\server\aegis\vcproj\interserver\debug\mutex.obj
c:\ro\dev\server\aegis\vcproj\interserver\debug\sysinfo.obj
c:\ro\dev\server\aegis\vcproj\interserver\debug\vc143.pdb
c:\ro\dev\server\aegis\interserver.exe
c:\ro\dev\server\aegis\interserver.pdb
c:\ro\dev\server\aegis\api-server.lib
c:\ro\dev\server\aegis\api-server.exp
c:\ro\dev\server\aegis\vcproj\interserver\debug\api-server.ilk
c:\ro\dev\server\aegis\vcproj\interserver\debug\vc143.idb
c:\ro\dev\server\aegis\vcproj\interserver\debug\interserver.tlog\cl.10248.write.1.tlog
c:\ro\dev\server\aegis\vcproj\interserver\debug\interserver.tlog\cl.command.1.tlog
c:\ro\dev\server\aegis\vcproj\interserver\debug\interserver.tlog\cl.items.tlog
c:\ro\dev\server\aegis\vcproj\interserver\debug\interserver.tlog\cl.read.1.tlog
c:\ro\dev\server\aegis\vcproj\interserver\debug\interserver.tlog\link.command.1.tlog
c:\ro\dev\server\aegis\vcproj\interserver\debug\interserver.tlog\link.read.1.tlog
c:\ro\dev\server\aegis\vcproj\interserver\debug\interserver.tlog\link.secondary.1.tlog
c:\ro\dev\server\aegis\vcproj\interserver\debug\interserver.tlog\link.write.1.tlog
c:\ro\dev\server\aegis\vcproj\interserver\debug\interserver.tlog\..\api-server.ilk
