c:\game\ro\server\athena_base\hercules_base\aegis\vcproj\character\debug\scanctx.obj
c:\game\ro\server\athena_base\hercules_base\aegis\vcproj\character\debug\geoip.obj
c:\game\ro\server\athena_base\hercules_base\aegis\vcproj\character\debug\int_elemental.obj
c:\game\ro\server\athena_base\hercules_base\aegis\vcproj\character\debug\int_rodex.obj
c:\game\ro\server\athena_base\hercules_base\aegis\vcproj\character\debug\conf.obj
c:\game\ro\server\athena_base\hercules_base\aegis\vcproj\character\debug\des.obj
c:\game\ro\server\athena_base\hercules_base\aegis\vcproj\character\debug\grfio.obj
c:\game\ro\server\athena_base\hercules_base\aegis\vcproj\character\debug\showmsg.obj
c:\game\ro\server\athena_base\hercules_base\aegis\vcproj\character\debug\thread.obj
c:\game\ro\server\athena_base\hercules_base\aegis\vcproj\character\debug\char.obj
c:\game\ro\server\athena_base\hercules_base\aegis\vcproj\character\debug\int_quest.obj
c:\game\ro\server\athena_base\hercules_base\aegis\vcproj\character\debug\pincode.obj
c:\game\ro\server\athena_base\hercules_base\aegis\vcproj\character\debug\hpm.obj
c:\game\ro\server\athena_base\hercules_base\aegis\vcproj\character\debug\capiif.obj
c:\game\ro\server\athena_base\hercules_base\aegis\vcproj\character\debug\int_homun.obj
c:\game\ro\server\athena_base\hercules_base\aegis\vcproj\character\debug\int_storage.obj
c:\game\ro\server\athena_base\hercules_base\aegis\vcproj\character\debug\core.obj
c:\game\ro\server\athena_base\hercules_base\aegis\vcproj\character\debug\random.obj
c:\game\ro\server\athena_base\hercules_base\aegis\vcproj\character\debug\scanner.obj
c:\game\ro\server\athena_base\hercules_base\aegis\vcproj\character\debug\int_auction.obj
c:\game\ro\server\athena_base\hercules_base\aegis\vcproj\character\debug\int_party.obj
c:\game\ro\server\athena_base\hercules_base\aegis\vcproj\character\debug\loginif.obj
c:\game\ro\server\athena_base\hercules_base\aegis\vcproj\character\debug\extraconf.obj
c:\game\ro\server\athena_base\hercules_base\aegis\vcproj\character\debug\nullpo.obj
c:\game\ro\server\athena_base\hercules_base\aegis\vcproj\character\debug\sql.obj
c:\game\ro\server\athena_base\hercules_base\aegis\vcproj\character\debug\strbuf.obj
c:\game\ro\server\athena_base\hercules_base\aegis\vcproj\character\debug\hpmchar.obj
c:\game\ro\server\athena_base\hercules_base\aegis\vcproj\character\debug\int_mercenary.obj
c:\game\ro\server\athena_base\hercules_base\aegis\vcproj\character\debug\int_userconfig.obj
c:\game\ro\server\athena_base\hercules_base\aegis\vcproj\character\debug\console.obj
c:\game\ro\server\athena_base\hercules_base\aegis\vcproj\character\debug\memmgr.obj
c:\game\ro\server\athena_base\hercules_base\aegis\vcproj\character\debug\strlib.obj
c:\game\ro\server\athena_base\hercules_base\aegis\vcproj\character\debug\timer.obj
c:\game\ro\server\athena_base\hercules_base\aegis\vcproj\character\debug\libconfig.obj
c:\game\ro\server\athena_base\hercules_base\aegis\vcproj\character\debug\int_achievement.obj
c:\game\ro\server\athena_base\hercules_base\aegis\vcproj\character\debug\int_guild.obj
c:\game\ro\server\athena_base\hercules_base\aegis\vcproj\character\debug\mapif.obj
c:\game\ro\server\athena_base\hercules_base\aegis\vcproj\character\debug\mapindex.obj
c:\game\ro\server\athena_base\hercules_base\aegis\vcproj\character\debug\packets.obj
c:\game\ro\server\athena_base\hercules_base\aegis\vcproj\character\debug\sysinfo.obj
c:\game\ro\server\athena_base\hercules_base\aegis\vcproj\character\debug\grammar.obj
c:\game\ro\server\athena_base\hercules_base\aegis\vcproj\character\debug\int_adventurer_agency.obj
c:\game\ro\server\athena_base\hercules_base\aegis\vcproj\character\debug\int_mail.obj
c:\game\ro\server\athena_base\hercules_base\aegis\vcproj\character\debug\inter.obj
c:\game\ro\server\athena_base\hercules_base\aegis\vcproj\character\debug\ers.obj
c:\game\ro\server\athena_base\hercules_base\aegis\vcproj\character\debug\md5calc.obj
c:\game\ro\server\athena_base\hercules_base\aegis\vcproj\character\debug\socket.obj
c:\game\ro\server\athena_base\hercules_base\aegis\vcproj\character\debug\mt19937ar.obj
c:\game\ro\server\athena_base\hercules_base\aegis\vcproj\character\debug\int_clan.obj
c:\game\ro\server\athena_base\hercules_base\aegis\vcproj\character\debug\int_pet.obj
c:\game\ro\server\athena_base\hercules_base\aegis\vcproj\character\debug\base62.obj
c:\game\ro\server\athena_base\hercules_base\aegis\vcproj\character\debug\db.obj
c:\game\ro\server\athena_base\hercules_base\aegis\vcproj\character\debug\mutex.obj
c:\game\ro\server\athena_base\hercules_base\aegis\vcproj\character\debug\utils.obj
c:\game\ro\server\athena_base\hercules_base\aegis\vcproj\character\debug\vc143.pdb
c:\game\ro\server\athena_base\hercules_base\aegis\character.exe
c:\game\ro\server\athena_base\hercules_base\aegis\character.pdb
c:\game\ro\server\athena_base\hercules_base\aegis\vcproj\character\debug\char-server.ilk
c:\game\ro\server\athena_base\hercules_base\aegis\vcproj\character\debug\vc143.idb
c:\game\ro\server\athena_base\hercules_base\aegis\vcproj\character\debug\character.tlog\cl.1160.write.1.tlog
c:\game\ro\server\athena_base\hercules_base\aegis\vcproj\character\debug\character.tlog\cl.command.1.tlog
c:\game\ro\server\athena_base\hercules_base\aegis\vcproj\character\debug\character.tlog\cl.items.tlog
c:\game\ro\server\athena_base\hercules_base\aegis\vcproj\character\debug\character.tlog\cl.read.1.tlog
c:\game\ro\server\athena_base\hercules_base\aegis\vcproj\character\debug\character.tlog\link.command.1.tlog
c:\game\ro\server\athena_base\hercules_base\aegis\vcproj\character\debug\character.tlog\link.read.1.tlog
c:\game\ro\server\athena_base\hercules_base\aegis\vcproj\character\debug\character.tlog\link.secondary.1.tlog
c:\game\ro\server\athena_base\hercules_base\aegis\vcproj\character\debug\character.tlog\link.write.1.tlog
c:\game\ro\server\athena_base\hercules_base\aegis\vcproj\character\debug\character.tlog\..\char-server.ilk
