c:\ro\dev\server\aegis\vcproj\accountserver\debug\strbuf.obj
c:\ro\dev\server\aegis\vcproj\accountserver\debug\core.obj
c:\ro\dev\server\aegis\vcproj\accountserver\debug\sql.obj
c:\ro\dev\server\aegis\vcproj\accountserver\debug\ipban.obj
c:\ro\dev\server\aegis\vcproj\accountserver\debug\scanner.obj
c:\ro\dev\server\aegis\vcproj\accountserver\debug\md5calc.obj
c:\ro\dev\server\aegis\vcproj\accountserver\debug\showmsg.obj
c:\ro\dev\server\aegis\vcproj\accountserver\debug\hpmlogin.obj
c:\ro\dev\server\aegis\vcproj\accountserver\debug\base62.obj
c:\ro\dev\server\aegis\vcproj\accountserver\debug\db.obj
c:\ro\dev\server\aegis\vcproj\accountserver\debug\extraconf.obj
c:\ro\dev\server\aegis\vcproj\accountserver\debug\nullpo.obj
c:\ro\dev\server\aegis\vcproj\accountserver\debug\strlib.obj
c:\ro\dev\server\aegis\vcproj\accountserver\debug\thread.obj
c:\ro\dev\server\aegis\vcproj\accountserver\debug\lclif.obj
c:\ro\dev\server\aegis\vcproj\accountserver\debug\conf.obj
c:\ro\dev\server\aegis\vcproj\accountserver\debug\des.obj
c:\ro\dev\server\aegis\vcproj\accountserver\debug\ers.obj
c:\ro\dev\server\aegis\vcproj\accountserver\debug\mutex.obj
c:\ro\dev\server\aegis\vcproj\accountserver\debug\timer.obj
c:\ro\dev\server\aegis\vcproj\accountserver\debug\loginlog.obj
c:\ro\dev\server\aegis\vcproj\accountserver\debug\mt19937ar.obj
c:\ro\dev\server\aegis\vcproj\accountserver\debug\console.obj
c:\ro\dev\server\aegis\vcproj\accountserver\debug\socket.obj
c:\ro\dev\server\aegis\vcproj\accountserver\debug\lapiif.obj
c:\ro\dev\server\aegis\vcproj\accountserver\debug\scanctx.obj
c:\ro\dev\server\aegis\vcproj\accountserver\debug\grfio.obj
c:\ro\dev\server\aegis\vcproj\accountserver\debug\packets.obj
c:\ro\dev\server\aegis\vcproj\accountserver\debug\sysinfo.obj
c:\ro\dev\server\aegis\vcproj\accountserver\debug\login.obj
c:\ro\dev\server\aegis\vcproj\accountserver\debug\grammar.obj
c:\ro\dev\server\aegis\vcproj\accountserver\debug\hpm.obj
c:\ro\dev\server\aegis\vcproj\accountserver\debug\utils.obj
c:\ro\dev\server\aegis\vcproj\accountserver\debug\libconfig.obj
c:\ro\dev\server\aegis\vcproj\accountserver\debug\memmgr.obj
c:\ro\dev\server\aegis\vcproj\accountserver\debug\random.obj
c:\ro\dev\server\aegis\vcproj\accountserver\debug\account.obj
c:\ro\dev\server\aegis\vcproj\accountserver\debug\vc143.pdb
c:\ro\dev\server\aegis\accountserver.exe
c:\ro\dev\server\aegis\accountserver.pdb
c:\ro\dev\server\aegis\vcproj\accountserver\debug\login-server.ilk
c:\ro\dev\server\aegis\vcproj\accountserver\debug\vc143.idb
c:\ro\dev\server\aegis\vcproj\accountserver\debug\accountserver.tlog\cl.10104.write.1.tlog
c:\ro\dev\server\aegis\vcproj\accountserver\debug\accountserver.tlog\cl.command.1.tlog
c:\ro\dev\server\aegis\vcproj\accountserver\debug\accountserver.tlog\cl.items.tlog
c:\ro\dev\server\aegis\vcproj\accountserver\debug\accountserver.tlog\cl.read.1.tlog
c:\ro\dev\server\aegis\vcproj\accountserver\debug\accountserver.tlog\link.command.1.tlog
c:\ro\dev\server\aegis\vcproj\accountserver\debug\accountserver.tlog\link.read.1.tlog
c:\ro\dev\server\aegis\vcproj\accountserver\debug\accountserver.tlog\link.secondary.1.tlog
c:\ro\dev\server\aegis\vcproj\accountserver\debug\accountserver.tlog\link.write.1.tlog
c:\ro\dev\server\aegis\vcproj\accountserver\debug\accountserver.tlog\..\login-server.ilk
